error: User already exists
error: Invalid Email or Password
error: Invalid Email or Password
error: User already exists
error: User already exists
error: User already exists
error: User already exists
error: User already exists
error: User already exists
error: User already exists
error: User already exists
error: User already exists
error: User already exists
error: User already exists
error: User already exists
error: User already exists
error: User already exists
error: User already exists
error: undefined {"clientVersion":"3.7.0"}
error: User already exists
error: User already exists
error: User already exists
error: User already exists
error: User already exists
error: User already exists
error: User already exists
error: undefined
error: undefined
error: undefined {"clientVersion":"3.7.0"}
error: undefined {"clientVersion":"3.7.0"}
error: undefined {"clientVersion":"3.7.0"}
error: User not found
error: User not found
error: User not found
error: User not found
error: User not found
error: User not found
error: User not found
error: User not found
error: User not found
error: User not found
error: User not found
error: User not found
error: User not found
error: User not found
error: User not found
error: User not found
error: User not found
error: User not found
error: User not found
error: User not found
error: User not found
error: Invalid Email or Password
error: undefined {"clientVersion":"3.7.0"}
error: undefined {"clientVersion":"3.7.0"}
error: undefined {"clientVersion":"3.7.0"}
error: undefined {"clientVersion":"3.7.0"}
error: undefined {"clientVersion":"3.7.0"}
error: undefined
error: User already exists
error: User already exists
error: User already exists
error: User already exists
error: User already exists
error: User already exists
error: User already exists
error: User already exists
error: User already exists
error: User already exists
error: User already exists
error: User already exists
error: User already exists
