{"level":"error","message":"User already exists","timestamp":"2022-01-09T14:31:53.726Z"}
{"level":"error","message":"Invalid Email or Password","timestamp":"2022-01-09T14:32:29.053Z"}
{"level":"error","message":"Invalid Email or Password","timestamp":"2022-01-09T14:54:52.617Z"}
{"level":"error","message":"User already exists","timestamp":"2022-01-09T14:55:03.239Z"}
{"level":"error","message":"User already exists","timestamp":"2022-01-09T14:55:04.458Z"}
{"level":"error","message":"User already exists","timestamp":"2022-01-09T14:55:22.002Z"}
{"level":"error","message":"User already exists","timestamp":"2022-01-09T14:55:27.690Z"}
{"level":"error","message":"User already exists","timestamp":"2022-01-09T14:55:37.194Z"}
{"level":"error","message":"User already exists","timestamp":"2022-01-09T14:55:40.015Z"}
{"level":"error","message":"User already exists","timestamp":"2022-01-09T15:30:57.139Z"}
{"level":"error","message":"User already exists","timestamp":"2022-01-09T15:31:28.782Z"}
{"level":"error","message":"User already exists","timestamp":"2022-01-09T15:51:11.548Z"}
{"level":"error","message":"User already exists","timestamp":"2022-01-09T15:52:11.767Z"}
{"level":"error","message":"User already exists","timestamp":"2022-01-09T15:53:50.787Z"}
{"level":"error","message":"User already exists","timestamp":"2022-01-09T16:39:05.283Z"}
{"level":"error","message":"User already exists","timestamp":"2022-01-09T16:39:14.741Z"}
{"level":"error","message":"User already exists","timestamp":"2022-01-09T16:39:32.957Z"}
{"level":"error","message":"User already exists","timestamp":"2022-01-09T16:39:34.139Z"}
{"clientVersion":"3.7.0","level":"error","timestamp":"2022-01-09T16:39:39.369Z"}
{"level":"error","message":"User already exists","timestamp":"2022-01-09T16:41:12.716Z"}
{"level":"error","message":"User already exists","timestamp":"2022-01-09T16:45:14.584Z"}
{"level":"error","message":"User already exists","timestamp":"2022-01-09T16:54:44.501Z"}
{"level":"error","message":"User already exists","timestamp":"2022-01-09T16:54:45.999Z"}
{"level":"error","message":"User already exists","timestamp":"2022-01-09T16:56:19.067Z"}
{"level":"error","message":"User already exists","timestamp":"2022-01-09T16:56:23.623Z"}
{"level":"error","message":"User already exists","timestamp":"2022-01-09T17:49:19.194Z"}
{"level":"error","timestamp":"2022-01-09T18:15:12.748Z"}
{"level":"error","timestamp":"2022-01-09T18:15:46.563Z"}
{"clientVersion":"3.7.0","level":"error","timestamp":"2022-01-09T18:25:21.928Z"}
{"clientVersion":"3.7.0","level":"error","timestamp":"2022-01-09T18:25:53.592Z"}
{"clientVersion":"3.7.0","level":"error","timestamp":"2022-01-09T18:27:10.714Z"}
{"level":"error","message":"User not found","timestamp":"2022-01-09T18:30:48.094Z"}
{"level":"error","message":"User not found","timestamp":"2022-01-09T19:14:15.252Z"}
{"level":"error","message":"User not found","timestamp":"2022-01-09T19:16:07.055Z"}
{"level":"error","message":"User not found","timestamp":"2022-01-09T19:25:05.193Z"}
{"level":"error","message":"User not found","timestamp":"2022-01-09T19:33:56.657Z"}
