{"level":"http","message":"::1 - - [09/Jan/2022:14:32:29 +0000] \"POST /login HTTP/1.1\" 400 39 \"-\" \"PostmanRuntime/7.28.4\"\n"}
{"level":"http","message":"::1 - - [09/Jan/2022:14:54:52 +0000] \"POST /login HTTP/1.1\" 400 39 \"-\" \"PostmanRuntime/7.28.4\"\n"}
{"level":"http","message":"::1 - - [09/Jan/2022:14:55:03 +0000] \"POST /signup HTTP/1.1\" 400 33 \"-\" \"PostmanRuntime/7.28.4\"\n"}
{"level":"http","message":"::1 - - [09/Jan/2022:14:55:04 +0000] \"POST /signup HTTP/1.1\" 400 33 \"-\" \"PostmanRuntime/7.28.4\"\n"}
{"level":"http","message":"::1 - - [09/Jan/2022:14:55:09 +0000] \"POST /signup HTTP/1.1\" 400 45 \"-\" \"PostmanRuntime/7.28.4\"\n"}
{"level":"http","message":"::1 - - [09/Jan/2022:14:55:22 +0000] \"POST /signup HTTP/1.1\" 400 33 \"-\" \"PostmanRuntime/7.28.4\"\n"}
{"level":"http","message":"::1 - - [09/Jan/2022:14:55:27 +0000] \"POST /signup HTTP/1.1\" 400 33 \"-\" \"PostmanRuntime/7.28.4\"\n"}
{"level":"http","message":"::1 - - [09/Jan/2022:14:55:30 +0000] \"POST /signup HTTP/1.1\" 400 64 \"-\" \"PostmanRuntime/7.28.4\"\n"}
{"level":"http","message":"::1 - - [09/Jan/2022:14:55:37 +0000] \"POST /signup HTTP/1.1\" 400 33 \"-\" \"PostmanRuntime/7.28.4\"\n"}
{"level":"http","message":"::1 - - [09/Jan/2022:14:55:40 +0000] \"POST /signup HTTP/1.1\" 400 33 \"-\" \"PostmanRuntime/7.28.4\"\n"}
{"level":"http","message":"::1 - - [09/Jan/2022:14:55:43 +0000] \"POST /signup HTTP/1.1\" 400 78 \"-\" \"PostmanRuntime/7.28.4\"\n"}
{"level":"http","message":"::1 - - [09/Jan/2022:15:30:57 +0000] \"POST /signup HTTP/1.1\" 400 33 \"-\" \"PostmanRuntime/7.28.4\"\n"}
{"level":"http","message":"::1 - - [09/Jan/2022:15:31:01 +0000] \"POST /signup HTTP/1.1\" 400 42 \"-\" \"PostmanRuntime/7.28.4\"\n"}
{"level":"http","message":"::ffff:127.0.0.1 - - [09/Jan/2022:15:31:28 +0000] \"POST /signup HTTP/1.1\" 400 33 \"-\" \"PostmanRuntime/7.28.4\"\n"}
{"level":"http","message":"::1 - - [09/Jan/2022:15:31:32 +0000] \"POST /signup HTTP/1.1\" 400 78 \"-\" \"PostmanRuntime/7.28.4\"\n"}
{"level":"http","message":"::1 - - [09/Jan/2022:15:36:43 +0000] \"POST /signup HTTP/1.1\" 500 - \"-\" \"PostmanRuntime/7.28.4\"\n"}
{"level":"http","message":"::1 - - [09/Jan/2022:15:38:08 +0000] \"POST /signup HTTP/1.1\" 500 - \"-\" \"PostmanRuntime/7.28.4\"\n"}
{"level":"http","message":"::1 - - [09/Jan/2022:15:38:13 +0000] \"POST /signup HTTP/1.1\" 500 - \"-\" \"PostmanRuntime/7.28.4\"\n"}
{"level":"http","message":"::1 - - [09/Jan/2022:15:38:53 +0000] \"POST /signup HTTP/1.1\" 500 - \"-\" \"PostmanRuntime/7.28.4\"\n"}
{"level":"http","message":"::1 - - [09/Jan/2022:15:38:58 +0000] \"POST /signup HTTP/1.1\" 500 - \"-\" \"PostmanRuntime/7.28.4\"\n"}
{"level":"http","message":"::1 - - [09/Jan/2022:15:39:43 +0000] \"POST /signup HTTP/1.1\" 500 - \"-\" \"PostmanRuntime/7.28.4\"\n"}
{"level":"http","message":"::1 - - [09/Jan/2022:15:42:56 +0000] \"POST /signup HTTP/1.1\" 400 78 \"-\" \"PostmanRuntime/7.28.4\"\n"}
{"level":"http","message":"::1 - - [09/Jan/2022:15:51:11 +0000] \"POST /signup HTTP/1.1\" 400 33 \"-\" \"PostmanRuntime/7.28.4\"\n"}
{"level":"http","message":"::1 - - [09/Jan/2022:15:51:16 +0000] \"POST /signup HTTP/1.1\" 400 78 \"-\" \"PostmanRuntime/7.28.4\"\n"}
{"level":"http","message":"::1 - - [09/Jan/2022:15:51:55 +0000] \"POST /signup HTTP/1.1\" 400 40 \"-\" \"PostmanRuntime/7.28.4\"\n"}
{"level":"http","message":"::1 - - [09/Jan/2022:15:52:02 +0000] \"POST /signup HTTP/1.1\" 400 40 \"-\" \"PostmanRuntime/7.28.4\"\n"}
{"level":"http","message":"::1 - - [09/Jan/2022:15:52:06 +0000] \"POST /signup HTTP/1.1\" 400 64 \"-\" \"PostmanRuntime/7.28.4\"\n"}
{"level":"http","message":"::1 - - [09/Jan/2022:15:52:11 +0000] \"POST /signup HTTP/1.1\" 400 33 \"-\" \"PostmanRuntime/7.28.4\"\n"}
{"level":"http","message":"::1 - - [09/Jan/2022:15:53:50 +0000] \"POST /signup HTTP/1.1\" 400 33 \"-\" \"PostmanRuntime/7.28.4\"\n"}
{"level":"http","message":"::1 - - [09/Jan/2022:15:53:54 +0000] \"POST /signup HTTP/1.1\" 400 45 \"-\" \"PostmanRuntime/7.28.4\"\n"}
{"level":"http","message":"::1 - - [09/Jan/2022:15:53:59 +0000] \"POST /signup HTTP/1.1\" 400 45 \"-\" \"PostmanRuntime/7.28.4\"\n"}
{"level":"http","message":"::1 - - [09/Jan/2022:15:54:04 +0000] \"POST /signup HTTP/1.1\" 400 45 \"-\" \"PostmanRuntime/7.28.4\"\n"}
{"level":"http","message":"::1 - - [09/Jan/2022:15:54:08 +0000] \"POST /signup HTTP/1.1\" 400 45 \"-\" \"PostmanRuntime/7.28.4\"\n"}
{"level":"http","message":"::1 - - [09/Jan/2022:16:39:05 +0000] \"POST /signup HTTP/1.1\" 400 33 \"-\" \"PostmanRuntime/7.28.4\"\n"}
{"level":"http","message":"::1 - - [09/Jan/2022:16:39:14 +0000] \"POST /signup HTTP/1.1\" 400 33 \"-\" \"PostmanRuntime/7.28.4\"\n"}
{"level":"http","message":"::1 - - [09/Jan/2022:16:39:32 +0000] \"POST /signup HTTP/1.1\" 400 33 \"-\" \"PostmanRuntime/7.28.4\"\n"}
{"level":"http","message":"::1 - - [09/Jan/2022:16:39:34 +0000] \"POST /signup HTTP/1.1\" 400 33 \"-\" \"PostmanRuntime/7.28.4\"\n"}
{"level":"http","message":"::1 - - [09/Jan/2022:16:39:39 +0000] \"POST /signup HTTP/1.1\" 400 546 \"-\" \"PostmanRuntime/7.28.4\"\n"}
{"level":"http","message":"::1 - - [09/Jan/2022:16:39:55 +0000] \"POST /login HTTP/1.1\" 400 39 \"-\" \"PostmanRuntime/7.28.4\"\n"}
{"level":"http","message":"::1 - - [09/Jan/2022:16:40:02 +0000] \"POST /login HTTP/1.1\" 400 39 \"-\" \"PostmanRuntime/7.28.4\"\n"}
{"level":"http","message":"::1 - - [09/Jan/2022:16:40:19 +0000] \"POST /signup HTTP/1.1\" 400 46 \"-\" \"PostmanRuntime/7.28.4\"\n"}
{"level":"http","message":"::1 - - [09/Jan/2022:16:41:12 +0000] \"POST /signup HTTP/1.1\" 400 33 \"-\" \"PostmanRuntime/7.28.4\"\n"}
{"level":"http","message":"::1 - - [09/Jan/2022:16:41:20 +0000] \"POST /login HTTP/1.1\" 400 39 \"-\" \"PostmanRuntime/7.28.4\"\n"}
{"level":"http","message":"::1 - - [09/Jan/2022:16:41:42 +0000] \"POST /login HTTP/1.1\" 400 39 \"-\" \"PostmanRuntime/7.28.4\"\n"}
{"level":"http","message":"::1 - - [09/Jan/2022:16:42:00 +0000] \"POST /login HTTP/1.1\" 400 39 \"-\" \"PostmanRuntime/7.28.4\"\n"}
{"level":"http","message":"::1 - - [09/Jan/2022:16:42:07 +0000] \"POST /signup HTTP/1.1\" 400 46 \"-\" \"PostmanRuntime/7.28.4\"\n"}
{"level":"http","message":"::1 - - [09/Jan/2022:16:45:14 +0000] \"POST /signup HTTP/1.1\" 400 33 \"-\" \"PostmanRuntime/7.28.4\"\n"}
{"level":"http","message":"::1 - - [09/Jan/2022:16:45:22 +0000] \"POST /login HTTP/1.1\" 400 39 \"-\" \"PostmanRuntime/7.28.4\"\n"}
{"level":"http","message":"::1 - - [09/Jan/2022:16:45:24 +0000] \"POST /login HTTP/1.1\" 400 39 \"-\" \"PostmanRuntime/7.28.4\"\n"}
{"level":"http","message":"::1 - - [09/Jan/2022:16:45:58 +0000] \"POST /signup HTTP/1.1\" 400 46 \"-\" \"PostmanRuntime/7.28.4\"\n"}
{"level":"http","message":"::1 - - [09/Jan/2022:16:54:44 +0000] \"POST /signup HTTP/1.1\" 400 33 \"-\" \"PostmanRuntime/7.28.4\"\n"}
{"level":"http","message":"::1 - - [09/Jan/2022:16:54:46 +0000] \"POST /signup HTTP/1.1\" 400 33 \"-\" \"PostmanRuntime/7.28.4\"\n"}
{"level":"http","message":"::1 - - [09/Jan/2022:16:54:57 +0000] \"POST /signup HTTP/1.1\" 400 46 \"-\" \"PostmanRuntime/7.28.4\"\n"}
{"level":"http","message":"::1 - - [09/Jan/2022:16:56:19 +0000] \"POST /signup HTTP/1.1\" 400 33 \"-\" \"PostmanRuntime/7.28.4\"\n"}
{"level":"http","message":"::1 - - [09/Jan/2022:16:56:23 +0000] \"POST /signup HTTP/1.1\" 400 33 \"-\" \"PostmanRuntime/7.28.4\"\n"}
{"level":"http","message":"::1 - - [09/Jan/2022:16:56:47 +0000] \"POST /login HTTP/1.1\" 400 39 \"-\" \"PostmanRuntime/7.28.4\"\n"}
{"level":"http","message":"::1 - - [09/Jan/2022:16:56:49 +0000] \"POST /login HTTP/1.1\" 400 39 \"-\" \"PostmanRuntime/7.28.4\"\n"}
{"level":"http","message":"::1 - - [09/Jan/2022:16:56:54 +0000] \"POST /login HTTP/1.1\" 400 39 \"-\" \"PostmanRuntime/7.28.4\"\n"}
{"level":"http","message":"::1 - - [09/Jan/2022:17:47:53 +0000] \"POST /auth/login HTTP/1.1\" 400 67 \"-\" \"PostmanRuntime/7.28.4\"\n"}
{"level":"http","message":"::ffff:127.0.0.1 - - [09/Jan/2022:17:48:16 +0000] \"POST /auth/login HTTP/1.1\" 400 39 \"-\" \"PostmanRuntime/7.28.4\"\n"}
{"level":"http","message":"::1 - - [09/Jan/2022:17:48:20 +0000] \"POST /auth/login HTTP/1.1\" 400 39 \"-\" \"PostmanRuntime/7.28.4\"\n"}
{"level":"http","message":"::1 - - [09/Jan/2022:17:48:32 +0000] \"POST /auth/login HTTP/1.1\" 400 67 \"-\" \"PostmanRuntime/7.28.4\"\n"}
{"level":"http","message":"::1 - - [09/Jan/2022:17:48:51 +0000] \"POST /auth/login HTTP/1.1\" 400 39 \"-\" \"PostmanRuntime/7.28.4\"\n"}
{"level":"http","message":"::1 - - [09/Jan/2022:17:49:10 +0000] \"POST /auth HTTP/1.1\" 404 144 \"-\" \"PostmanRuntime/7.28.4\"\n"}
{"level":"http","message":"::1 - - [09/Jan/2022:17:49:19 +0000] \"POST /auth/signup HTTP/1.1\" 400 33 \"-\" \"PostmanRuntime/7.28.4\"\n"}
{"level":"http","message":"::1 - - [09/Jan/2022:17:49:40 +0000] \"POST /auth/login HTTP/1.1\" 400 39 \"-\" \"PostmanRuntime/7.28.4\"\n"}
{"level":"http","message":"::1 - - [09/Jan/2022:17:49:55 +0000] \"POST /auth/login HTTP/1.1\" 400 39 \"-\" \"PostmanRuntime/7.28.4\"\n"}
{"level":"http","message":"::1 - - [09/Jan/2022:17:49:58 +0000] \"POST /auth/login HTTP/1.1\" 400 39 \"-\" \"PostmanRuntime/7.28.4\"\n"}
{"level":"http","message":"::1 - - [09/Jan/2022:17:52:09 +0000] \"POST /auth/login HTTP/1.1\" 400 39 \"-\" \"PostmanRuntime/7.28.4\"\n"}
{"level":"http","message":"::1 - - [09/Jan/2022:17:55:21 +0000] \"POST /auth/login HTTP/1.1\" 400 67 \"-\" \"PostmanRuntime/7.28.4\"\n"}
{"level":"http","message":"::1 - - [09/Jan/2022:18:01:36 +0000] \"POST /auth/login HTTP/1.1\" 400 67 \"-\" \"PostmanRuntime/7.28.4\"\n"}
{"level":"http","message":"::1 - - [09/Jan/2022:18:02:46 +0000] \"POST /login HTTP/1.1\" 400 67 \"-\" \"PostmanRuntime/7.28.4\"\n"}
{"level":"http","message":"::1 - - [09/Jan/2022:18:22:17 +0000] \"GET /users/45 HTTP/1.1\" 404 147 \"-\" \"PostmanRuntime/7.28.4\"\n"}
{"level":"http","message":"::1 - - [09/Jan/2022:19:04:24 +0000] \"PATCH /users/48 HTTP/1.1\" 401 - \"-\" \"PostmanRuntime/7.28.4\"\n"}
{"level":"http","message":"::1 - - [09/Jan/2022:19:04:37 +0000] \"PATCH /users/48 HTTP/1.1\" 401 - \"-\" \"PostmanRuntime/7.28.4\"\n"}
{"level":"http","message":"::1 - - [09/Jan/2022:19:04:48 +0000] \"PATCH /users/48 HTTP/1.1\" 500 522 \"-\" \"PostmanRuntime/7.28.4\"\n"}
{"level":"http","message":"::ffff:127.0.0.1 - - [09/Jan/2022:19:07:56 +0000] \"PATCH /users/48 HTTP/1.1\" 500 513 \"-\" \"PostmanRuntime/7.28.4\"\n"}
{"level":"http","message":"::1 - - [09/Jan/2022:19:10:44 +0000] \"PATCH /users/48 HTTP/1.1\" 500 513 \"-\" \"PostmanRuntime/7.28.4\"\n"}
{"level":"http","message":"::1 - - [09/Jan/2022:19:10:55 +0000] \"PATCH /users/48 HTTP/1.1\" 500 513 \"-\" \"PostmanRuntime/7.28.4\"\n"}
{"level":"http","message":"::1 - - [09/Jan/2022:19:14:03 +0000] \"PATCH /users/48 HTTP/1.1\" 404 149 \"-\" \"PostmanRuntime/7.28.4\"\n"}
{"level":"http","message":"::1 - - [09/Jan/2022:19:33:34 +0000] \"GET /users/4 HTTP/1.1\" 401 - \"-\" \"PostmanRuntime/7.28.4\"\n"}
{"level":"http","message":"::1 - - [09/Jan/2022:19:48:48 +0000] \"GET /users/4 HTTP/1.1\" 401 - \"-\" \"PostmanRuntime/7.28.4\"\n"}
{"level":"http","message":"::1 - - [09/Jan/2022:19:51:57 +0000] \"GET /error HTTP/1.1\" 500 14 \"-\" \"PostmanRuntime/7.28.4\"\n"}
{"level":"http","message":"::1 - - [09/Jan/2022:20:14:03 +0000] \"GET /users/4 HTTP/1.1\" 401 - \"-\" \"PostmanRuntime/7.28.4\"\n"}
{"level":"http","message":"::1 - - [09/Jan/2022:20:24:13 +0000] \"GET /users/4 HTTP/1.1\" 400 14 \"-\" \"PostmanRuntime/7.28.4\"\n"}
{"level":"http","message":"::1 - - [09/Jan/2022:20:25:11 +0000] \"GET /users/4 HTTP/1.1\" 400 14 \"-\" \"PostmanRuntime/7.28.4\"\n"}
{"level":"http","message":"::ffff:127.0.0.1 - - [09/Jan/2022:20:27:32 +0000] \"GET /users/4 HTTP/1.1\" 400 14 \"-\" \"PostmanRuntime/7.28.4\"\n"}
{"level":"http","message":"::1 - - [09/Jan/2022:20:28:47 +0000] \"GET /users/4 HTTP/1.1\" 400 27 \"-\" \"PostmanRuntime/7.28.4\"\n"}
